<?xml version="1.0" encoding="UTF-8"?>
<!-- Generated by org.testng.reporters.JUnitReportReporter -->
<testsuite skipped="0" hostname="AMS-PC" name="eply.com.tests.ForgotPasswordTest" tests="1" failures="0" timestamp="10 אוג 2019 09:00:26 GMT" time="3.034" errors="0">
  <testcase name="forgotPasswordTest" time="3.034" classname="eply.com.tests.ForgotPasswordTest"/>
</testsuite> <!-- eply.com.tests.ForgotPasswordTest -->
