<?xml version="1.0" encoding="UTF-8"?>
<!-- Generated by org.testng.reporters.JUnitReportReporter -->
<testsuite skipped="0" hostname="AMS-PC" name="eply.com.tests.AddNewTaskTest" tests="1" failures="0" timestamp="10 אוג 2019 09:00:26 GMT" time="5.320" errors="0">
  <testcase name="taskPage1" time="5.320" classname="eply.com.tests.AddNewTaskTest"/>
</testsuite> <!-- eply.com.tests.AddNewTaskTest -->
