<?xml version="1.0" encoding="UTF-8"?>
<!-- Generated by org.testng.reporters.JUnitReportReporter -->
<testsuite skipped="0" hostname="AMS-PC" name="my_qa4.my_qa4.AppTest" tests="1" failures="0" timestamp="10 אוג 2019 09:00:26 GMT" time="0.001" errors="0">
  <testcase name="testApp" time="0.001" classname="my_qa4.my_qa4.AppTest"/>
</testsuite> <!-- my_qa4.my_qa4.AppTest -->
