<?xml version="1.0" encoding="UTF-8"?>
<!-- Generated by org.testng.reporters.JUnitReportReporter -->
<testsuite skipped="0" hostname="AMS-PC" name="eply.com.tests.TasksTest" tests="1" failures="0" timestamp="10 אוג 2019 09:28:46 GMT" time="2.293" errors="0">
  <testcase name="taskPage" time="2.293" classname="eply.com.tests.TasksTest"/>
</testsuite> <!-- eply.com.tests.TasksTest -->
